#
# There is insufficient memory for the Java Runtime Environment to continue.
# Native memory allocation (malloc) failed to allocate 1709936 bytes for Chunk::new
# Possible reasons:
#   The system is out of physical RAM or swap space
#   The process is running with CompressedOops enabled, and the Java Heap may be blocking the growth of the native heap
# Possible solutions:
#   Reduce memory load on the system
#   Increase physical memory or swap space
#   Check if swap backing store is full
#   Decrease Java heap size (-Xmx/-Xms)
#   Decrease number of Java threads
#   Decrease Java thread stack sizes (-Xss)
#   Set larger code cache with -XX:ReservedCodeCacheSize=
#   JVM is running with Zero Based Compressed Oops mode in which the Java heap is
#     placed in the first 32GB address space. The Java Heap base address is the
#     maximum limit for the native heap growth. Please use -XX:HeapBaseMinAddress
#     to set the Java Heap base and to place the Java Heap above 32GB virtual address.
# This output file may be truncated or incomplete.
#
#  Out of Memory Error (arena.cpp:191), pid=23088, tid=10940
#
# JRE version: OpenJDK Runtime Environment Microsoft-8902769 (17.0.10+7) (build 17.0.10+7-LTS)
# Java VM: OpenJDK 64-Bit Server VM Microsoft-8902769 (17.0.10+7-LTS, mixed mode, sharing, tiered, compressed oops, compressed class ptrs, g1 gc, windows-amd64)
# No core dump will be written. Minidumps are not enabled by default on client versions of Windows
#

---------------  S U M M A R Y ------------

Command Line: -Dcom.sun.management.jmxremote -Dcom.sun.management.jmxremote.port=51428 -Dcom.sun.management.jmxremote.authenticate=false -Dcom.sun.management.jmxremote.ssl=false -Dspring.jmx.enabled=true -Djava.rmi.server.hostname=localhost -Dspring.application.admin.enabled=true -Dspring.boot.project.name=pb_tp1 -XX:+ShowCodeDetailsInExceptionMessages -Dmanagement.endpoints.jmx.exposure.include=* com.carlos.adriano.infnet.pb_tp1.PbTp1Application

Host: Intel(R) Core(TM) i7-8550U CPU @ 1.80GHz, 8 cores, 15G,  Windows 11 , 64 bit Build 22621 (10.0.22621.3958)
Time: Sun Sep  8 12:34:39 2024 Hora oficial do Brasil elapsed time: 80.224697 seconds (0d 0h 1m 20s)

---------------  T H R E A D  ---------------

Current thread (0x0000025ddbc14b40):  JavaThread "C2 CompilerThread2" daemon [_thread_in_native, id=10940, stack(0x0000005ea6600000,0x0000005ea6700000)]


Current CompileTask:
C2:  80225 7473   !   4       java.lang.reflect.Field::declaredAnnotations (82 bytes)

Stack: [0x0000005ea6600000,0x0000005ea6700000]
Native frames: (J=compiled Java code, j=interpreted, Vv=VM code, C=native code)
V  [jvm.dll+0x67f829]
V  [jvm.dll+0x83750a]
V  [jvm.dll+0x838fce]
V  [jvm.dll+0x839633]
V  [jvm.dll+0x247cbf]
V  [jvm.dll+0xac524]
V  [jvm.dll+0xacb6c]
V  [jvm.dll+0x368ca2]
V  [jvm.dll+0x33311a]
V  [jvm.dll+0x3325ba]
V  [jvm.dll+0x21a401]
V  [jvm.dll+0x219821]
V  [jvm.dll+0x1a5176]
V  [jvm.dll+0x22957e]
V  [jvm.dll+0x22774c]
V  [jvm.dll+0x7ec5d7]
V  [jvm.dll+0x7e69da]
V  [jvm.dll+0x67e715]
C  [ucrtbase.dll+0x29333]
C  [KERNEL32.DLL+0x1257d]
C  [ntdll.dll+0x5af28]


---------------  P R O C E S S  ---------------

Threads class SMR info:
_java_thread_list=0x0000025ddaa096b0, length=40, elements={
0x0000025dffca3530, 0x0000025dffca43b0, 0x0000025dda12a970, 0x0000025dda12e550,
0x0000025dda130f20, 0x0000025dda1318e0, 0x0000025dda137ae0, 0x0000025dda145950,
0x0000025dda13ace0, 0x0000025dffc8ebe0, 0x0000025dda2b6d50, 0x0000025dda2c2df0,
0x0000025dda861b50, 0x0000025dda875270, 0x0000025ddbcabc30, 0x0000025ddb683b30,
0x0000025dddcb0a50, 0x0000025ddc0ca090, 0x0000025ddc0c8c50, 0x0000025ddc0caab0,
0x0000025ddc0cb4d0, 0x0000025ddc0c9160, 0x0000025ddc0ca5a0, 0x0000025ddc0c9b80,
0x0000025ddc0c9670, 0x0000025ddf4f5c60, 0x0000025ddf4f6b90, 0x0000025ddf4f6170,
0x0000025ddf4f6680, 0x0000025ddf4f5240, 0x0000025ddf4f70a0, 0x0000025ddf4f75b0,
0x0000025ddf4f5750, 0x0000025ddf4f89f0, 0x0000025ddf4f7ac0, 0x0000025ddf4f7fd0,
0x0000025ddbc15090, 0x0000025ddbc14b40, 0x0000025ddca91df0, 0x0000025ddca8ff90
}

Java Threads: ( => current thread )
  0x0000025dffca3530 JavaThread "Reference Handler" daemon [_thread_blocked, id=15752, stack(0x0000005ea6f00000,0x0000005ea7000000)]
  0x0000025dffca43b0 JavaThread "Finalizer" daemon [_thread_blocked, id=3744, stack(0x0000005ea7000000,0x0000005ea7100000)]
  0x0000025dda12a970 JavaThread "Signal Dispatcher" daemon [_thread_blocked, id=21240, stack(0x0000005ea7100000,0x0000005ea7200000)]
  0x0000025dda12e550 JavaThread "Attach Listener" daemon [_thread_blocked, id=23124, stack(0x0000005ea7200000,0x0000005ea7300000)]
  0x0000025dda130f20 JavaThread "Service Thread" daemon [_thread_blocked, id=24496, stack(0x0000005ea7300000,0x0000005ea7400000)]
  0x0000025dda1318e0 JavaThread "Monitor Deflation Thread" daemon [_thread_blocked, id=2596, stack(0x0000005ea7400000,0x0000005ea7500000)]
  0x0000025dda137ae0 JavaThread "C2 CompilerThread0" daemon [_thread_in_native, id=17128, stack(0x0000005ea7500000,0x0000005ea7600000)]
  0x0000025dda145950 JavaThread "C1 CompilerThread0" daemon [_thread_blocked, id=13028, stack(0x0000005ea7600000,0x0000005ea7700000)]
  0x0000025dda13ace0 JavaThread "Sweeper thread" daemon [_thread_blocked, id=8100, stack(0x0000005ea7700000,0x0000005ea7800000)]
  0x0000025dffc8ebe0 JavaThread "Common-Cleaner" daemon [_thread_blocked, id=23608, stack(0x0000005ea7800000,0x0000005ea7900000)]
  0x0000025dda2b6d50 JavaThread "Notification Thread" daemon [_thread_blocked, id=13600, stack(0x0000005ea7900000,0x0000005ea7a00000)]
  0x0000025dda2c2df0 JavaThread "RMI TCP Accept-0" daemon [_thread_in_native, id=15340, stack(0x0000005ea7a00000,0x0000005ea7b00000)]
  0x0000025dda861b50 JavaThread "RMI TCP Accept-51428" daemon [_thread_in_native, id=16008, stack(0x0000005ea7b00000,0x0000005ea7c00000)]
  0x0000025dda875270 JavaThread "RMI TCP Accept-0" daemon [_thread_in_native, id=8984, stack(0x0000005ea7c00000,0x0000005ea7d00000)]
  0x0000025ddbcabc30 JavaThread "RMI TCP Connection(idle)" daemon [_thread_blocked, id=3992, stack(0x0000005ea8a00000,0x0000005ea8b00000)]
  0x0000025ddb683b30 JavaThread "RMI TCP Connection(2)-127.0.0.1" daemon [_thread_in_native, id=21028, stack(0x0000005ea8b00000,0x0000005ea8c00000)]
  0x0000025dddcb0a50 JavaThread "RMI Scheduler(0)" daemon [_thread_blocked, id=23752, stack(0x0000005ea8c00000,0x0000005ea8d00000)]
  0x0000025ddc0ca090 JavaThread "JMX server connection timeout 25" daemon [_thread_blocked, id=21768, stack(0x0000005ea8d00000,0x0000005ea8e00000)]
  0x0000025ddc0c8c50 JavaThread "Catalina-utility-1" [_thread_blocked, id=15624, stack(0x0000005ea8e00000,0x0000005ea8f00000)]
  0x0000025ddc0caab0 JavaThread "Catalina-utility-2" [_thread_blocked, id=12064, stack(0x0000005ea8f00000,0x0000005ea9000000)]
  0x0000025ddc0cb4d0 JavaThread "container-0" [_thread_blocked, id=12516, stack(0x0000005ea9000000,0x0000005ea9100000)]
  0x0000025ddc0c9160 JavaThread "HikariPool-1 housekeeper" daemon [_thread_blocked, id=25368, stack(0x0000005ea9100000,0x0000005ea9200000)]
  0x0000025ddc0ca5a0 JavaThread "http-nio-8080-exec-1" daemon [_thread_blocked, id=21684, stack(0x0000005ea9200000,0x0000005ea9300000)]
  0x0000025ddc0c9b80 JavaThread "http-nio-8080-exec-2" daemon [_thread_blocked, id=284, stack(0x0000005ea9300000,0x0000005ea9400000)]
  0x0000025ddc0c9670 JavaThread "http-nio-8080-exec-3" daemon [_thread_blocked, id=25212, stack(0x0000005ea9400000,0x0000005ea9500000)]
  0x0000025ddf4f5c60 JavaThread "http-nio-8080-exec-4" daemon [_thread_blocked, id=17716, stack(0x0000005ea9500000,0x0000005ea9600000)]
  0x0000025ddf4f6b90 JavaThread "http-nio-8080-exec-5" daemon [_thread_blocked, id=16848, stack(0x0000005ea9600000,0x0000005ea9700000)]
  0x0000025ddf4f6170 JavaThread "http-nio-8080-exec-6" daemon [_thread_blocked, id=8988, stack(0x0000005ea9700000,0x0000005ea9800000)]
  0x0000025ddf4f6680 JavaThread "http-nio-8080-exec-7" daemon [_thread_blocked, id=1908, stack(0x0000005ea9800000,0x0000005ea9900000)]
  0x0000025ddf4f5240 JavaThread "http-nio-8080-exec-8" daemon [_thread_blocked, id=25436, stack(0x0000005ea9900000,0x0000005ea9a00000)]
  0x0000025ddf4f70a0 JavaThread "http-nio-8080-exec-9" daemon [_thread_blocked, id=23152, stack(0x0000005ea9a00000,0x0000005ea9b00000)]
  0x0000025ddf4f75b0 JavaThread "http-nio-8080-exec-10" daemon [_thread_blocked, id=21080, stack(0x0000005ea9b00000,0x0000005ea9c00000)]
  0x0000025ddf4f5750 JavaThread "http-nio-8080-Poller" daemon [_thread_in_native, id=25300, stack(0x0000005ea9c00000,0x0000005ea9d00000)]
  0x0000025ddf4f89f0 JavaThread "http-nio-8080-Acceptor" daemon [_thread_in_native, id=22588, stack(0x0000005ea9d00000,0x0000005ea9e00000)]
  0x0000025ddf4f7ac0 JavaThread "DestroyJavaVM" [_thread_blocked, id=20700, stack(0x0000005ea6800000,0x0000005ea6900000)]
  0x0000025ddf4f7fd0 JavaThread "RMI TCP Connection(idle)" daemon [_thread_blocked, id=14632, stack(0x0000005ea9e00000,0x0000005ea9f00000)]
  0x0000025ddbc15090 JavaThread "C2 CompilerThread1" daemon [_thread_in_native, id=2952, stack(0x0000005ea6500000,0x0000005ea6600000)]
=>0x0000025ddbc14b40 JavaThread "C2 CompilerThread2" daemon [_thread_in_native, id=10940, stack(0x0000005ea6600000,0x0000005ea6700000)]
  0x0000025ddca91df0 JavaThread "ForkJoinPool.commonPool-worker-1" daemon [_thread_blocked, id=24836, stack(0x0000005ea6700000,0x0000005ea6800000)]
  0x0000025ddca8ff90 JavaThread "ForkJoinPool.commonPool-worker-2" daemon [_thread_blocked, id=20064, stack(0x0000005ea9f00000,0x0000005eaa000000)]

Other Threads:
  0x0000025dffc9a940 VMThread "VM Thread" [stack: 0x0000005ea6e00000,0x0000005ea6f00000] [id=17384]
  0x0000025defff4e80 WatcherThread [stack: 0x0000005ea7d00000,0x0000005ea7e00000] [id=23836]
  0x0000025df0068a50 GCTaskThread "GC Thread#0" [stack: 0x0000005ea6900000,0x0000005ea6a00000] [id=24748]
  0x0000025ddb460740 GCTaskThread "GC Thread#1" [stack: 0x0000005ea7f00000,0x0000005ea8000000] [id=23132]
  0x0000025ddb460a00 GCTaskThread "GC Thread#2" [stack: 0x0000005ea8000000,0x0000005ea8100000] [id=13584]
  0x0000025ddb460cc0 GCTaskThread "GC Thread#3" [stack: 0x0000005ea8100000,0x0000005ea8200000] [id=23664]
  0x0000025ddb518f80 GCTaskThread "GC Thread#4" [stack: 0x0000005ea8200000,0x0000005ea8300000] [id=8848]
  0x0000025ddb519240 GCTaskThread "GC Thread#5" [stack: 0x0000005ea8300000,0x0000005ea8400000] [id=24248]
  0x0000025ddb488c40 GCTaskThread "GC Thread#6" [stack: 0x0000005ea8400000,0x0000005ea8500000] [id=14824]
  0x0000025ddb75a370 GCTaskThread "GC Thread#7" [stack: 0x0000005ea8500000,0x0000005ea8600000] [id=13992]
  0x0000025df0079820 ConcurrentGCThread "G1 Main Marker" [stack: 0x0000005ea6a00000,0x0000005ea6b00000] [id=15960]
  0x0000025df007a9e0 ConcurrentGCThread "G1 Conc#0" [stack: 0x0000005ea6b00000,0x0000005ea6c00000] [id=15416]
  0x0000025ddbc18150 ConcurrentGCThread "G1 Conc#1" [stack: 0x0000005ea8800000,0x0000005ea8900000] [id=24944]
  0x0000025dffb55080 ConcurrentGCThread "G1 Refine#0" [stack: 0x0000005ea6c00000,0x0000005ea6d00000] [id=4344]
  0x0000025ddb3a1540 ConcurrentGCThread "G1 Refine#1" [stack: 0x0000005ea8600000,0x0000005ea8700000] [id=3496]
  0x0000025ddb3a1a40 ConcurrentGCThread "G1 Refine#2" [stack: 0x0000005ea8700000,0x0000005ea8800000] [id=24464]
  0x0000025dffb568d0 ConcurrentGCThread "G1 Service" [stack: 0x0000005ea6d00000,0x0000005ea6e00000] [id=20276]

Threads with active compile tasks:
C2 CompilerThread0    80253 7293   !   4       java.lang.reflect.Executable::declaredAnnotations (85 bytes)
C2 CompilerThread1    80254 7813       4       sun.reflect.generics.visitor.Reifier::visitClassTypeSignature (381 bytes)
C2 CompilerThread2    80254 7473   !   4       java.lang.reflect.Field::declaredAnnotations (82 bytes)

VM state: not at safepoint (normal execution)

VM Mutex/Monitor currently owned by a thread: None

Heap address: 0x0000000701800000, size: 4072 MB, Compressed Oops mode: Zero based, Oop shift amount: 3

CDS archive(s) mapped at: [0x0000025d95000000-0x0000025d95bb0000-0x0000025d95bb0000), size 12255232, SharedBaseAddress: 0x0000025d95000000, ArchiveRelocationMode: 1.
Compressed class space mapped at: 0x0000025d96000000-0x0000025dd6000000, reserved size: 1073741824
Narrow klass base: 0x0000025d95000000, Narrow klass shift: 0, Narrow klass range: 0x100000000

GC Precious Log:
 CPUs: 8 total, 8 available
 Memory: 16280M
 Large Page Support: Disabled
 NUMA Support: Disabled
 Compressed Oops: Enabled (Zero based)
 Heap Region Size: 2M
 Heap Min Capacity: 8M
 Heap Initial Capacity: 256M
 Heap Max Capacity: 4072M
 Pre-touch: Disabled
 Parallel Workers: 8
 Concurrent Workers: 2
 Concurrent Refinement Workers: 8
 Periodic GC: Disabled

Heap:
 garbage-first heap   total 98304K, used 45730K [0x0000000701800000, 0x0000000800000000)
  region size 2048K, 6 young (12288K), 2 survivors (4096K)
 Metaspace       used 75997K, committed 76800K, reserved 1179648K
  class space    used 10242K, committed 10624K, reserved 1048576K

Heap Regions: E=young(eden), S=young(survivor), O=old, HS=humongous(starts), HC=humongous(continues), CS=collection set, F=free, OA=open archive, CA=closed archive, TAMS=top-at-mark-start (previous, next)
|   0|0x0000000701800000, 0x0000000701a00000, 0x0000000701a00000|100%| O|  |TAMS 0x0000000701a00000, 0x0000000701800000| Untracked 
|   1|0x0000000701a00000, 0x0000000701c00000, 0x0000000701c00000|100%| O|  |TAMS 0x0000000701c00000, 0x0000000701a00000| Untracked 
|   2|0x0000000701c00000, 0x0000000701e00000, 0x0000000701e00000|100%| O|  |TAMS 0x0000000701e00000, 0x0000000701c00000| Untracked 
|   3|0x0000000701e00000, 0x0000000702000000, 0x0000000702000000|100%| O|  |TAMS 0x0000000702000000, 0x0000000701e00000| Untracked 
|   4|0x0000000702000000, 0x0000000702200000, 0x0000000702200000|100%| O|  |TAMS 0x0000000702200000, 0x0000000702000000| Untracked 
|   5|0x0000000702200000, 0x0000000702400000, 0x0000000702400000|100%| O|  |TAMS 0x0000000702400000, 0x0000000702200000| Untracked 
|   6|0x0000000702400000, 0x0000000702600000, 0x0000000702600000|100%| O|  |TAMS 0x0000000702600000, 0x0000000702400000| Untracked 
|   7|0x0000000702600000, 0x0000000702800000, 0x0000000702800000|100%| O|  |TAMS 0x0000000702800000, 0x0000000702600000| Untracked 
|   8|0x0000000702800000, 0x0000000702a00000, 0x0000000702a00000|100%| O|  |TAMS 0x0000000702a00000, 0x0000000702800000| Untracked 
|   9|0x0000000702a00000, 0x0000000702c00000, 0x0000000702c00000|100%| O|  |TAMS 0x0000000702b9ca00, 0x0000000702a00000| Untracked 
|  10|0x0000000702c00000, 0x0000000702e00000, 0x0000000702e00000|100%| O|  |TAMS 0x0000000702c00000, 0x0000000702c00000| Untracked 
|  11|0x0000000702e00000, 0x0000000703000000, 0x0000000703000000|100%| O|  |TAMS 0x0000000703000000, 0x0000000702e00000| Untracked 
|  12|0x0000000703000000, 0x00000007031c2c00, 0x0000000703200000| 88%| O|  |TAMS 0x00000007031c2c00, 0x0000000703000000| Untracked 
|  13|0x0000000703200000, 0x0000000703400000, 0x0000000703400000|100%| O|  |TAMS 0x0000000703200000, 0x0000000703200000| Untracked 
|  14|0x0000000703400000, 0x0000000703600000, 0x0000000703600000|100%| O|  |TAMS 0x0000000703400000, 0x0000000703400000| Untracked 
|  15|0x0000000703600000, 0x0000000703800000, 0x0000000703800000|100%| O|  |TAMS 0x0000000703600000, 0x0000000703600000| Untracked 
|  16|0x0000000703800000, 0x0000000703a00000, 0x0000000703a00000|100%| O|  |TAMS 0x0000000703800000, 0x0000000703800000| Untracked 
|  17|0x0000000703a00000, 0x0000000703b62e00, 0x0000000703c00000| 69%| O|  |TAMS 0x0000000703a00000, 0x0000000703a00000| Untracked 
|  18|0x0000000703c00000, 0x0000000703c00000, 0x0000000703e00000|  0%| F|  |TAMS 0x0000000703c00000, 0x0000000703c00000| Untracked 
|  19|0x0000000703e00000, 0x0000000703e00000, 0x0000000704000000|  0%| F|  |TAMS 0x0000000703e00000, 0x0000000703e00000| Untracked 
|  20|0x0000000704000000, 0x0000000704000000, 0x0000000704200000|  0%| F|  |TAMS 0x0000000704000000, 0x0000000704000000| Untracked 
|  21|0x0000000704200000, 0x0000000704200000, 0x0000000704400000|  0%| F|  |TAMS 0x0000000704200000, 0x0000000704200000| Untracked 
|  22|0x0000000704400000, 0x0000000704400000, 0x0000000704600000|  0%| F|  |TAMS 0x0000000704400000, 0x0000000704400000| Untracked 
|  23|0x0000000704600000, 0x0000000704600000, 0x0000000704800000|  0%| F|  |TAMS 0x0000000704600000, 0x0000000704600000| Untracked 
|  24|0x0000000704800000, 0x0000000704800000, 0x0000000704a00000|  0%| F|  |TAMS 0x0000000704800000, 0x0000000704800000| Untracked 
|  25|0x0000000704a00000, 0x0000000704a00000, 0x0000000704c00000|  0%| F|  |TAMS 0x0000000704a00000, 0x0000000704a00000| Untracked 
|  26|0x0000000704c00000, 0x0000000704d82f60, 0x0000000704e00000| 75%| S|CS|TAMS 0x0000000704c00000, 0x0000000704c00000| Complete 
|  27|0x0000000704e00000, 0x0000000705000000, 0x0000000705000000|100%| S|CS|TAMS 0x0000000704e00000, 0x0000000704e00000| Complete 
|  28|0x0000000705000000, 0x0000000705000000, 0x0000000705200000|  0%| F|  |TAMS 0x0000000705000000, 0x0000000705000000| Untracked 
|  29|0x0000000705200000, 0x0000000705200000, 0x0000000705400000|  0%| F|  |TAMS 0x0000000705200000, 0x0000000705200000| Untracked 
|  30|0x0000000705400000, 0x0000000705400000, 0x0000000705600000|  0%| F|  |TAMS 0x0000000705400000, 0x0000000705400000| Untracked 
|  31|0x0000000705600000, 0x0000000705600000, 0x0000000705800000|  0%| F|  |TAMS 0x0000000705600000, 0x0000000705600000| Untracked 
|  32|0x0000000705800000, 0x0000000705800000, 0x0000000705a00000|  0%| F|  |TAMS 0x0000000705800000, 0x0000000705800000| Untracked 
|  33|0x0000000705a00000, 0x0000000705a00000, 0x0000000705c00000|  0%| F|  |TAMS 0x0000000705a00000, 0x0000000705a00000| Untracked 
|  34|0x0000000705c00000, 0x0000000705c00000, 0x0000000705e00000|  0%| F|  |TAMS 0x0000000705c00000, 0x0000000705c00000| Untracked 
|  35|0x0000000705e00000, 0x0000000705e00000, 0x0000000706000000|  0%| F|  |TAMS 0x0000000705e00000, 0x0000000705e00000| Untracked 
|  36|0x0000000706000000, 0x0000000706000000, 0x0000000706200000|  0%| F|  |TAMS 0x0000000706000000, 0x0000000706000000| Untracked 
|  37|0x0000000706200000, 0x0000000706200000, 0x0000000706400000|  0%| F|  |TAMS 0x0000000706200000, 0x0000000706200000| Untracked 
|  38|0x0000000706400000, 0x0000000706400000, 0x0000000706600000|  0%| F|  |TAMS 0x0000000706400000, 0x0000000706400000| Untracked 
|  39|0x0000000706600000, 0x0000000706600000, 0x0000000706800000|  0%| F|  |TAMS 0x0000000706600000, 0x0000000706600000| Untracked 
|  40|0x0000000706800000, 0x0000000706800000, 0x0000000706a00000|  0%| F|  |TAMS 0x0000000706800000, 0x0000000706800000| Untracked 
|  41|0x0000000706a00000, 0x0000000706a00000, 0x0000000706c00000|  0%| F|  |TAMS 0x0000000706a00000, 0x0000000706a00000| Untracked 
|  42|0x0000000706c00000, 0x0000000706c00000, 0x0000000706e00000|  0%| F|  |TAMS 0x0000000706c00000, 0x0000000706c00000| Untracked 
|  43|0x0000000706e00000, 0x0000000706e00000, 0x0000000707000000|  0%| F|  |TAMS 0x0000000706e00000, 0x0000000706e00000| Untracked 
|  59|0x0000000708e00000, 0x0000000708f68398, 0x0000000709000000| 70%| E|  |TAMS 0x0000000708e00000, 0x0000000708e00000| Complete 
|  60|0x0000000709000000, 0x0000000709200000, 0x0000000709200000|100%| E|CS|TAMS 0x0000000709000000, 0x0000000709000000| Complete 
|  61|0x0000000709200000, 0x0000000709400000, 0x0000000709400000|100%| E|CS|TAMS 0x0000000709200000, 0x0000000709200000| Complete 
| 127|0x0000000711600000, 0x0000000711800000, 0x0000000711800000|100%| E|CS|TAMS 0x0000000711600000, 0x0000000711600000| Complete 

Card table byte_map: [0x0000025dfa530000,0x0000025dfad30000] _byte_map_base: 0x0000025df6d24000

Marking Bits (Prev, Next): (CMBitMap*) 0x0000025df0069070, (CMBitMap*) 0x0000025df00690b0
 Prev Bits: [0x0000025dfb530000, 0x0000025dff4d0000)
 Next Bits: [0x0000025d8f000000, 0x0000025d92fa0000)

Polling page: 0x0000025df0090000

Metaspace:

Usage:
  Non-class:     64.21 MB used.
      Class:     10.00 MB used.
       Both:     74.22 MB used.

Virtual space:
  Non-class space:      128.00 MB reserved,      64.62 MB ( 50%) committed,  2 nodes.
      Class space:        1.00 GB reserved,      10.38 MB (  1%) committed,  1 nodes.
             Both:        1.12 GB reserved,      75.00 MB (  7%) committed. 

Chunk freelists:
   Non-Class:  15.17 MB
       Class:  5.67 MB
        Both:  20.84 MB

MaxMetaspaceSize: unlimited
CompressedClassSpaceSize: 1.00 GB
Initial GC threshold: 21.00 MB
Current GC threshold: 105.31 MB
CDS: on
MetaspaceReclaimPolicy: balanced
 - commit_granule_bytes: 65536.
 - commit_granule_words: 8192.
 - virtual_space_node_default_size: 8388608.
 - enlarge_chunks_in_place: 1.
 - new_chunks_are_fully_committed: 0.
 - uncommit_free_chunks: 1.
 - use_allocation_guard: 0.
 - handle_deallocations: 1.


Internal statistics:

num_allocs_failed_limit: 12.
num_arena_births: 1072.
num_arena_deaths: 0.
num_vsnodes_births: 3.
num_vsnodes_deaths: 0.
num_space_committed: 1200.
num_space_uncommitted: 0.
num_chunks_returned_to_freelist: 12.
num_chunks_taken_from_freelist: 3872.
num_chunk_merges: 9.
num_chunk_splits: 2737.
num_chunks_enlarged: 2067.
num_inconsistent_stats: 0.

CodeHeap 'non-profiled nmethods': size=120000Kb used=5202Kb max_used=5670Kb free=114797Kb
 bounds [0x0000025d87ad0000, 0x0000025d88060000, 0x0000025d8f000000]
CodeHeap 'profiled nmethods': size=120000Kb used=13929Kb max_used=14651Kb free=106070Kb
 bounds [0x0000025d80000000, 0x0000025d80e60000, 0x0000025d87530000]
CodeHeap 'non-nmethods': size=5760Kb used=1380Kb max_used=1427Kb free=4379Kb
 bounds [0x0000025d87530000, 0x0000025d877a0000, 0x0000025d87ad0000]
 total_blobs=7660 nmethods=6971 adapters=599
 compilation: enabled
              stopped_count=0, restarted_count=0
 full_count=0

Compilation events (20 events):
Event: 80.178 Thread 0x0000025dda145950 7914       3       com.fasterxml.jackson.databind.introspect.POJOPropertyBuilder::_anyExplicitNamesWithoutIgnoral (37 bytes)
Event: 80.179 Thread 0x0000025dda145950 nmethod 7914 0x0000025d803dc490 code [0x0000025d803dc640, 0x0000025d803dc8f8]
Event: 80.179 Thread 0x0000025dda145950 7915       3       com.fasterxml.jackson.databind.ser.impl.PropertySerializerMap::emptyForProperties (4 bytes)
Event: 80.179 Thread 0x0000025dda145950 nmethod 7915 0x0000025d80010090 code [0x0000025d80010220, 0x0000025d80010318]
Event: 80.179 Thread 0x0000025dda145950 7916       3       com.fasterxml.jackson.core.io.SerializedString::<init> (24 bytes)
Event: 80.180 Thread 0x0000025dda145950 nmethod 7916 0x0000025d803df590 code [0x0000025d803df740, 0x0000025d803dfa08]
Event: 80.180 Thread 0x0000025dda145950 7917   !   3       com.fasterxml.jackson.databind.introspect.JacksonAnnotationIntrospector::refineSerializationType (669 bytes)
Event: 80.192 Thread 0x0000025dda145950 nmethod 7917 0x0000025d80a3c290 code [0x0000025d80a3ce20, 0x0000025d80a45608]
Event: 80.192 Thread 0x0000025dda145950 7918       3       com.fasterxml.jackson.annotation.JsonFormat$Value::withOverrides (190 bytes)
Event: 80.194 Thread 0x0000025dda145950 nmethod 7918 0x0000025d806cfb90 code [0x0000025d806cfda0, 0x0000025d806d0598]
Event: 80.194 Thread 0x0000025dda145950 7919       3       com.fasterxml.jackson.databind.introspect.JacksonAnnotationIntrospector::findSerializationConverter (32 bytes)
Event: 80.194 Thread 0x0000025dda145950 nmethod 7919 0x0000025d802d3790 code [0x0000025d802d39a0, 0x0000025d802d4298]
Event: 80.194 Thread 0x0000025dda145950 7921       3       com.fasterxml.jackson.databind.cfg.MapperConfigBase::getDefaultVisibilityChecker (94 bytes)
Event: 80.196 Thread 0x0000025dda145950 nmethod 7921 0x0000025d807fc510 code [0x0000025d807fc7e0, 0x0000025d807fd7c8]
Event: 80.197 Thread 0x0000025dda145950 7922       3       com.fasterxml.jackson.databind.introspect.JacksonAnnotationIntrospector::findAutoDetectVisibility (27 bytes)
Event: 80.197 Thread 0x0000025dda145950 nmethod 7922 0x0000025d80274c90 code [0x0000025d80274e80, 0x0000025d80275418]
Event: 80.197 Thread 0x0000025dda145950 7920       1       com.fasterxml.jackson.databind.AnnotationIntrospector::findFilterId (2 bytes)
Event: 80.198 Thread 0x0000025dda145950 nmethod 7920 0x0000025d87baed90 code [0x0000025d87baef20, 0x0000025d87baeff8]
Event: 80.198 Thread 0x0000025dda145950 7924       1       com.fasterxml.jackson.core.JsonStreamContext::getNestingDepth (5 bytes)
Event: 80.198 Thread 0x0000025dda145950 nmethod 7924 0x0000025d87baea10 code [0x0000025d87baeba0, 0x0000025d87baec78]

GC Heap History (20 events):
Event: 8.470 GC heap before
{Heap before GC invocations=11 (full 0):
 garbage-first heap   total 81920K, used 64602K [0x0000000701800000, 0x0000000800000000)
  region size 2048K, 24 young (49152K), 3 survivors (6144K)
 Metaspace       used 43160K, committed 43648K, reserved 1114112K
  class space    used 5433K, committed 5696K, reserved 1048576K
}
Event: 8.483 GC heap after
{Heap after GC invocations=12 (full 0):
 garbage-first heap   total 81920K, used 24128K [0x0000000701800000, 0x0000000800000000)
  region size 2048K, 3 young (6144K), 3 survivors (6144K)
 Metaspace       used 43160K, committed 43648K, reserved 1114112K
  class space    used 5433K, committed 5696K, reserved 1048576K
}
Event: 9.480 GC heap before
{Heap before GC invocations=12 (full 0):
 garbage-first heap   total 81920K, used 56896K [0x0000000701800000, 0x0000000800000000)
  region size 2048K, 20 young (40960K), 3 survivors (6144K)
 Metaspace       used 50484K, committed 51008K, reserved 1114112K
  class space    used 6620K, committed 6848K, reserved 1048576K
}
Event: 9.487 GC heap after
{Heap after GC invocations=13 (full 0):
 garbage-first heap   total 81920K, used 25482K [0x0000000701800000, 0x0000000800000000)
  region size 2048K, 3 young (6144K), 3 survivors (6144K)
 Metaspace       used 50484K, committed 51008K, reserved 1114112K
  class space    used 6620K, committed 6848K, reserved 1048576K
}
Event: 10.618 GC heap before
{Heap before GC invocations=13 (full 0):
 garbage-first heap   total 81920K, used 58250K [0x0000000701800000, 0x0000000800000000)
  region size 2048K, 20 young (40960K), 3 survivors (6144K)
 Metaspace       used 58872K, committed 59328K, reserved 1114112K
  class space    used 7913K, committed 8128K, reserved 1048576K
}
Event: 10.624 GC heap after
{Heap after GC invocations=14 (full 0):
 garbage-first heap   total 81920K, used 26703K [0x0000000701800000, 0x0000000800000000)
  region size 2048K, 2 young (4096K), 2 survivors (4096K)
 Metaspace       used 58872K, committed 59328K, reserved 1114112K
  class space    used 7913K, committed 8128K, reserved 1048576K
}
Event: 10.711 GC heap before
{Heap before GC invocations=14 (full 0):
 garbage-first heap   total 81920K, used 28751K [0x0000000701800000, 0x0000000800000000)
  region size 2048K, 4 young (8192K), 2 survivors (4096K)
 Metaspace       used 59584K, committed 60096K, reserved 1114112K
  class space    used 8020K, committed 8256K, reserved 1048576K
}
Event: 10.715 GC heap after
{Heap after GC invocations=15 (full 0):
 garbage-first heap   total 81920K, used 26815K [0x0000000701800000, 0x0000000800000000)
  region size 2048K, 2 young (4096K), 2 survivors (4096K)
 Metaspace       used 59584K, committed 60096K, reserved 1114112K
  class space    used 8020K, committed 8256K, reserved 1048576K
}
Event: 11.529 GC heap before
{Heap before GC invocations=16 (full 0):
 garbage-first heap   total 81920K, used 63679K [0x0000000701800000, 0x0000000800000000)
  region size 2048K, 20 young (40960K), 2 survivors (4096K)
 Metaspace       used 63951K, committed 64512K, reserved 1114112K
  class space    used 8656K, committed 8960K, reserved 1048576K
}
Event: 11.539 GC heap after
{Heap after GC invocations=17 (full 0):
 garbage-first heap   total 81920K, used 29361K [0x0000000701800000, 0x0000000800000000)
  region size 2048K, 3 young (6144K), 3 survivors (6144K)
 Metaspace       used 63951K, committed 64512K, reserved 1114112K
  class space    used 8656K, committed 8960K, reserved 1048576K
}
Event: 12.254 GC heap before
{Heap before GC invocations=18 (full 0):
 garbage-first heap   total 81920K, used 62129K [0x0000000701800000, 0x0000000800000000)
  region size 2048K, 20 young (40960K), 3 survivors (6144K)
 Metaspace       used 66246K, committed 66816K, reserved 1114112K
  class space    used 8952K, committed 9216K, reserved 1048576K
}
Event: 12.263 GC heap after
{Heap after GC invocations=19 (full 0):
 garbage-first heap   total 81920K, used 32029K [0x0000000701800000, 0x0000000800000000)
  region size 2048K, 3 young (6144K), 3 survivors (6144K)
 Metaspace       used 66246K, committed 66816K, reserved 1114112K
  class space    used 8952K, committed 9216K, reserved 1048576K
}
Event: 12.911 GC heap before
{Heap before GC invocations=19 (full 0):
 garbage-first heap   total 81920K, used 62749K [0x0000000701800000, 0x0000000800000000)
  region size 2048K, 18 young (36864K), 3 survivors (6144K)
 Metaspace       used 68182K, committed 68736K, reserved 1114112K
  class space    used 9216K, committed 9472K, reserved 1048576K
}
Event: 12.920 GC heap after
{Heap after GC invocations=20 (full 0):
 garbage-first heap   total 81920K, used 34371K [0x0000000701800000, 0x0000000800000000)
  region size 2048K, 3 young (6144K), 3 survivors (6144K)
 Metaspace       used 68182K, committed 68736K, reserved 1114112K
  class space    used 9216K, committed 9472K, reserved 1048576K
}
Event: 13.436 GC heap before
{Heap before GC invocations=20 (full 0):
 garbage-first heap   total 81920K, used 65091K [0x0000000701800000, 0x0000000800000000)
  region size 2048K, 18 young (36864K), 3 survivors (6144K)
 Metaspace       used 69379K, committed 69952K, reserved 1114112K
  class space    used 9381K, committed 9664K, reserved 1048576K
}
Event: 13.446 GC heap after
{Heap after GC invocations=21 (full 0):
 garbage-first heap   total 81920K, used 36524K [0x0000000701800000, 0x0000000800000000)
  region size 2048K, 3 young (6144K), 3 survivors (6144K)
 Metaspace       used 69379K, committed 69952K, reserved 1114112K
  class space    used 9381K, committed 9664K, reserved 1048576K
}
Event: 37.009 GC heap before
{Heap before GC invocations=21 (full 0):
 garbage-first heap   total 81920K, used 65196K [0x0000000701800000, 0x0000000800000000)
  region size 2048K, 17 young (34816K), 3 survivors (6144K)
 Metaspace       used 71973K, committed 72640K, reserved 1114112K
  class space    used 9738K, committed 10048K, reserved 1048576K
}
Event: 37.016 GC heap after
{Heap after GC invocations=22 (full 0):
 garbage-first heap   total 98304K, used 37159K [0x0000000701800000, 0x0000000800000000)
  region size 2048K, 2 young (4096K), 2 survivors (4096K)
 Metaspace       used 71973K, committed 72640K, reserved 1114112K
  class space    used 9738K, committed 10048K, reserved 1048576K
}
Event: 79.881 GC heap before
{Heap before GC invocations=22 (full 0):
 garbage-first heap   total 98304K, used 78119K [0x0000000701800000, 0x0000000800000000)
  region size 2048K, 22 young (45056K), 2 survivors (4096K)
 Metaspace       used 75600K, committed 76352K, reserved 1179648K
  class space    used 10200K, committed 10560K, reserved 1048576K
}
Event: 79.894 GC heap after
{Heap after GC invocations=23 (full 0):
 garbage-first heap   total 98304K, used 39586K [0x0000000701800000, 0x0000000800000000)
  region size 2048K, 2 young (4096K), 2 survivors (4096K)
 Metaspace       used 75600K, committed 76352K, reserved 1179648K
  class space    used 10200K, committed 10560K, reserved 1048576K
}

Dll operation events (11 events):
Event: 0.013 Loaded shared library C:\Program Files\Microsoft\jdk-17.0.10.7-hotspot\bin\java.dll
Event: 0.045 Loaded shared library C:\Program Files\Microsoft\jdk-17.0.10.7-hotspot\bin\jsvml.dll
Event: 0.278 Loaded shared library C:\Program Files\Microsoft\jdk-17.0.10.7-hotspot\bin\jimage.dll
Event: 0.294 Loaded shared library C:\Program Files\Microsoft\jdk-17.0.10.7-hotspot\bin\net.dll
Event: 0.296 Loaded shared library C:\Program Files\Microsoft\jdk-17.0.10.7-hotspot\bin\nio.dll
Event: 0.298 Loaded shared library C:\Program Files\Microsoft\jdk-17.0.10.7-hotspot\bin\zip.dll
Event: 0.421 Loaded shared library C:\Program Files\Microsoft\jdk-17.0.10.7-hotspot\bin\management.dll
Event: 0.440 Loaded shared library C:\Program Files\Microsoft\jdk-17.0.10.7-hotspot\bin\management_ext.dll
Event: 0.804 Loaded shared library C:\Program Files\Microsoft\jdk-17.0.10.7-hotspot\bin\extnet.dll
Event: 2.131 Loaded shared library C:\Program Files\Microsoft\jdk-17.0.10.7-hotspot\bin\sunmscapi.dll
Event: 8.691 Loaded shared library C:\Program Files\Microsoft\jdk-17.0.10.7-hotspot\bin\verify.dll

Deoptimization events (20 events):
Event: 79.827 Thread 0x0000025ddf4f70a0 Uncommon trap: trap_request=0xffffff45 fr.pc=0x0000025d87d132b8 relative=0x0000000000000118
Event: 79.827 Thread 0x0000025ddf4f70a0 Uncommon trap: reason=unstable_if action=reinterpret pc=0x0000025d87d132b8 method=java.util.Arrays.hashCode([Ljava/lang/Object;)I @ 34 c2
Event: 79.827 Thread 0x0000025ddf4f70a0 DEOPT PACKING pc=0x0000025d87d132b8 sp=0x0000005ea9afbd50
Event: 79.827 Thread 0x0000025ddf4f70a0 DEOPT UNPACKING pc=0x0000025d875869a3 sp=0x0000005ea9afbcc8 mode 2
Event: 80.042 Thread 0x0000025ddf4f70a0 Uncommon trap: trap_request=0xffffffc6 fr.pc=0x0000025d87bcae14 relative=0x0000000000000434
Event: 80.042 Thread 0x0000025ddf4f70a0 Uncommon trap: reason=bimorphic_or_optimized_type_check action=maybe_recompile pc=0x0000025d87bcae14 method=java.util.HashMap.putVal(ILjava/lang/Object;Ljava/lang/Object;ZZ)Ljava/lang/Object; @ 253 c2
Event: 80.042 Thread 0x0000025ddf4f70a0 DEOPT PACKING pc=0x0000025d87bcae14 sp=0x0000005ea9afc400
Event: 80.042 Thread 0x0000025ddf4f70a0 DEOPT UNPACKING pc=0x0000025d875869a3 sp=0x0000005ea9afc328 mode 2
Event: 80.073 Thread 0x0000025ddf4f70a0 Uncommon trap: trap_request=0xffffffc6 fr.pc=0x0000025d87bcae14 relative=0x0000000000000434
Event: 80.073 Thread 0x0000025ddf4f70a0 Uncommon trap: reason=bimorphic_or_optimized_type_check action=maybe_recompile pc=0x0000025d87bcae14 method=java.util.HashMap.putVal(ILjava/lang/Object;Ljava/lang/Object;ZZ)Ljava/lang/Object; @ 253 c2
Event: 80.073 Thread 0x0000025ddf4f70a0 DEOPT PACKING pc=0x0000025d87bcae14 sp=0x0000005ea9afc400
Event: 80.073 Thread 0x0000025ddf4f70a0 DEOPT UNPACKING pc=0x0000025d875869a3 sp=0x0000005ea9afc328 mode 2
Event: 80.101 Thread 0x0000025ddf4f70a0 Uncommon trap: trap_request=0xffffffc6 fr.pc=0x0000025d87bcae14 relative=0x0000000000000434
Event: 80.101 Thread 0x0000025ddf4f70a0 Uncommon trap: reason=bimorphic_or_optimized_type_check action=maybe_recompile pc=0x0000025d87bcae14 method=java.util.HashMap.putVal(ILjava/lang/Object;Ljava/lang/Object;ZZ)Ljava/lang/Object; @ 253 c2
Event: 80.101 Thread 0x0000025ddf4f70a0 DEOPT PACKING pc=0x0000025d87bcae14 sp=0x0000005ea9afc400
Event: 80.101 Thread 0x0000025ddf4f70a0 DEOPT UNPACKING pc=0x0000025d875869a3 sp=0x0000005ea9afc328 mode 2
Event: 80.136 Thread 0x0000025ddf4f70a0 Uncommon trap: trap_request=0xffffff45 fr.pc=0x0000025d87c4f658 relative=0x00000000000001b8
Event: 80.136 Thread 0x0000025ddf4f70a0 Uncommon trap: reason=unstable_if action=reinterpret pc=0x0000025d87c4f658 method=java.util.IdentityHashMap.maskNull(Ljava/lang/Object;)Ljava/lang/Object; @ 1 c2
Event: 80.136 Thread 0x0000025ddf4f70a0 DEOPT PACKING pc=0x0000025d87c4f658 sp=0x0000005ea9afc210
Event: 80.136 Thread 0x0000025ddf4f70a0 DEOPT UNPACKING pc=0x0000025d875869a3 sp=0x0000005ea9afc138 mode 2

Classes unloaded (0 events):
No events

Classes redefined (0 events):
No events

Internal exceptions (20 events):
Event: 77.053 Thread 0x0000025ddb683b30 Exception <a 'java/lang/ClassNotFoundException'{0x00000007063949e8}: org/springframework/context/support/LiveBeansView> (0x00000007063949e8) 
thrown [s\src\hotspot\share\classfile\systemDictionary.cpp, line 256]
Event: 77.056 Thread 0x0000025ddb683b30 Exception <a 'java/lang/ClassNotFoundException'{0x00000007063e2448}: org/springframework/boot/actuate/endpoint/jmx/EndpointMBean> (0x00000007063e2448) 
thrown [s\src\hotspot\share\classfile\systemDictionary.cpp, line 256]
Event: 77.057 Thread 0x0000025ddb683b30 Exception <a 'java/lang/ClassNotFoundException'{0x000000070602bd70}: org/springframework/boot/actuate/endpoint/jmx/DataEndpointMBean> (0x000000070602bd70) 
thrown [s\src\hotspot\share\classfile\systemDictionary.cpp, line 256]
Event: 77.059 Thread 0x0000025ddb683b30 Exception <a 'java/lang/ClassNotFoundException'{0x00000007060756a0}: org/springframework/context/support/LiveBeansView> (0x00000007060756a0) 
thrown [s\src\hotspot\share\classfile\systemDictionary.cpp, line 256]
Event: 77.059 Thread 0x0000025ddb683b30 Exception <a 'java/lang/ClassNotFoundException'{0x0000000706079ba0}: org/springframework/boot/actuate/endpoint/jmx/EndpointMBean> (0x0000000706079ba0) 
thrown [s\src\hotspot\share\classfile\systemDictionary.cpp, line 256]
Event: 77.059 Thread 0x0000025ddb683b30 Exception <a 'java/lang/ClassNotFoundException'{0x0000000706079f70}: org/springframework/boot/actuate/endpoint/jmx/DataEndpointMBean> (0x0000000706079f70) 
thrown [s\src\hotspot\share\classfile\systemDictionary.cpp, line 256]
Event: 77.059 Thread 0x0000025ddb683b30 Exception <a 'java/lang/ClassNotFoundException'{0x000000070607a338}: org/springframework/context/support/LiveBeansView> (0x000000070607a338) 
thrown [s\src\hotspot\share\classfile\systemDictionary.cpp, line 256]
Event: 77.059 Thread 0x0000025ddb683b30 Exception <a 'java/lang/ClassNotFoundException'{0x000000070607a6f0}: org/springframework/boot/actuate/endpoint/jmx/EndpointMBean> (0x000000070607a6f0) 
thrown [s\src\hotspot\share\classfile\systemDictionary.cpp, line 256]
Event: 77.059 Thread 0x0000025ddb683b30 Exception <a 'java/lang/ClassNotFoundException'{0x000000070607aaa8}: org/springframework/boot/actuate/endpoint/jmx/DataEndpointMBean> (0x000000070607aaa8) 
thrown [s\src\hotspot\share\classfile\systemDictionary.cpp, line 256]
Event: 77.059 Thread 0x0000025ddb683b30 Exception <a 'java/lang/ClassNotFoundException'{0x000000070607ae58}: org/springframework/context/support/LiveBeansView> (0x000000070607ae58) 
thrown [s\src\hotspot\share\classfile\systemDictionary.cpp, line 256]
Event: 77.059 Thread 0x0000025ddb683b30 Exception <a 'java/lang/ClassNotFoundException'{0x000000070607b210}: org/springframework/boot/actuate/endpoint/jmx/EndpointMBean> (0x000000070607b210) 
thrown [s\src\hotspot\share\classfile\systemDictionary.cpp, line 256]
Event: 77.059 Thread 0x0000025ddb683b30 Exception <a 'java/lang/ClassNotFoundException'{0x000000070607b5c8}: org/springframework/boot/actuate/endpoint/jmx/DataEndpointMBean> (0x000000070607b5c8) 
thrown [s\src\hotspot\share\classfile\systemDictionary.cpp, line 256]
Event: 77.059 Thread 0x0000025ddb683b30 Exception <a 'java/lang/ClassNotFoundException'{0x000000070607b978}: org/springframework/context/support/LiveBeansView> (0x000000070607b978) 
thrown [s\src\hotspot\share\classfile\systemDictionary.cpp, line 256]
Event: 78.275 Thread 0x0000025ddc0ca5a0 Exception <a 'java/lang/NoSuchMethodError'{0x0000000705e49cd8}: 'java.lang.Object java.lang.invoke.DirectMethodHandle$Holder.invokeSpecial(java.lang.Object, java.lang.Object, java.lang.Object, java.lang.Object, java.lang.Object, long)'> (0x0000000705e49cd8) 
thrown [s\src\hotspot\share\interpreter\linkResolver.cpp, line 759]
Event: 78.277 Thread 0x0000025ddc0ca5a0 Exception <a 'java/lang/NoSuchMethodError'{0x0000000705e4d6d0}: 'java.lang.Object java.lang.invoke.Invokers$Holder.linkToTargetMethod(java.lang.Object, java.lang.Object, java.lang.Object, long, java.lang.Object)'> (0x0000000705e4d6d0) 
thrown [s\src\hotspot\share\interpreter\linkResolver.cpp, line 759]
Event: 78.425 Thread 0x0000025ddc0c9b80 Exception <a 'java/lang/NoSuchMethodError'{0x0000000705ada560}: 'java.lang.Object java.lang.invoke.DirectMethodHandle$Holder.invokeStatic(java.lang.Object, int, int)'> (0x0000000705ada560) 
thrown [s\src\hotspot\share\interpreter\linkResolver.cpp, line 759]
Event: 79.522 Thread 0x0000025ddf4f70a0 Exception <a 'sun/nio/fs/WindowsException'{0x00000007059e4768}> (0x00000007059e4768) 
thrown [s\src\hotspot\share\prims\jni.cpp, line 516]
Event: 79.606 Thread 0x0000025ddf4f70a0 Exception <a 'sun/nio/fs/WindowsException'{0x000000070573ff30}> (0x000000070573ff30) 
thrown [s\src\hotspot\share\prims\jni.cpp, line 516]
Event: 79.827 Thread 0x0000025ddf4f70a0 Implicit null exception at 0x0000025d87d131ec to 0x0000025d87d1329c
Event: 80.136 Thread 0x0000025ddf4f70a0 Implicit null exception at 0x0000025d87c4f4cf to 0x0000025d87c4f644

VM Operations (20 events):
Event: 78.556 Executing VM operation: HandshakeAllThreads
Event: 78.556 Executing VM operation: HandshakeAllThreads done
Event: 79.438 Executing VM operation: HandshakeAllThreads
Event: 79.438 Executing VM operation: HandshakeAllThreads done
Event: 79.438 Executing VM operation: Cleanup
Event: 79.438 Executing VM operation: Cleanup done
Event: 79.653 Executing VM operation: HandshakeAllThreads
Event: 79.653 Executing VM operation: HandshakeAllThreads done
Event: 79.717 Executing VM operation: HandshakeAllThreads
Event: 79.717 Executing VM operation: HandshakeAllThreads done
Event: 79.834 Executing VM operation: ICBufferFull
Event: 79.835 Executing VM operation: ICBufferFull done
Event: 79.881 Executing VM operation: G1CollectForAllocation
Event: 79.894 Executing VM operation: G1CollectForAllocation done
Event: 80.043 Executing VM operation: HandshakeAllThreads
Event: 80.043 Executing VM operation: HandshakeAllThreads done
Event: 80.057 Executing VM operation: ICBufferFull
Event: 80.058 Executing VM operation: ICBufferFull done
Event: 80.081 Executing VM operation: HandshakeAllThreads
Event: 80.081 Executing VM operation: HandshakeAllThreads done

Events (20 events):
Event: 80.098 Thread 0x0000025dda13ace0 flushing nmethod 0x0000025d808ce010
Event: 80.098 Thread 0x0000025dda13ace0 flushing nmethod 0x0000025d808db110
Event: 80.098 Thread 0x0000025dda13ace0 flushing nmethod 0x0000025d80920090
Event: 80.098 Thread 0x0000025dda13ace0 flushing nmethod 0x0000025d80920410
Event: 80.098 Thread 0x0000025dda13ace0 flushing nmethod 0x0000025d80924f90
Event: 80.099 Thread 0x0000025dda13ace0 flushing nmethod 0x0000025d80977210
Event: 80.099 Thread 0x0000025dda13ace0 flushing nmethod 0x0000025d8099ea90
Event: 80.099 Thread 0x0000025dda13ace0 flushing nmethod 0x0000025d809ad110
Event: 80.099 Thread 0x0000025dda13ace0 flushing nmethod 0x0000025d809c0190
Event: 80.099 Thread 0x0000025dda13ace0 flushing nmethod 0x0000025d809d1210
Event: 80.099 Thread 0x0000025dda13ace0 flushing nmethod 0x0000025d809e5890
Event: 80.099 Thread 0x0000025dda13ace0 flushing nmethod 0x0000025d809e6b90
Event: 80.099 Thread 0x0000025dda13ace0 flushing nmethod 0x0000025d80a20910
Event: 80.099 Thread 0x0000025dda13ace0 flushing nmethod 0x0000025d80a21610
Event: 80.099 Thread 0x0000025dda13ace0 flushing nmethod 0x0000025d80a2ab90
Event: 80.099 Thread 0x0000025dda13ace0 flushing nmethod 0x0000025d80a35790
Event: 80.099 Thread 0x0000025dda13ace0 flushing nmethod 0x0000025d80a38b10
Event: 80.099 Thread 0x0000025dda13ace0 flushing nmethod 0x0000025d80a48c90
Event: 80.118 loading class java/time/Instant$1
Event: 80.119 loading class java/time/Instant$1 done


Dynamic libraries:
0x00007ff655d00000 - 0x00007ff655d0e000 	C:\Program Files\Microsoft\jdk-17.0.10.7-hotspot\bin\java.exe
0x00007ffdaec50000 - 0x00007ffdaee67000 	C:\Windows\SYSTEM32\ntdll.dll
0x00007ffdacb20000 - 0x00007ffdacbe4000 	C:\Windows\System32\KERNEL32.DLL
0x00007ffdac4b0000 - 0x00007ffdac85d000 	C:\Windows\System32\KERNELBASE.dll
0x00007ffdac010000 - 0x00007ffdac121000 	C:\Windows\System32\ucrtbase.dll
0x00007ffda8840000 - 0x00007ffda8857000 	C:\Program Files\Microsoft\jdk-17.0.10.7-hotspot\bin\jli.dll
0x00007ffda8860000 - 0x00007ffda887b000 	C:\Program Files\Microsoft\jdk-17.0.10.7-hotspot\bin\VCRUNTIME140.dll
0x00007ffdae910000 - 0x00007ffdaeabe000 	C:\Windows\System32\USER32.dll
0x00007ffdac860000 - 0x00007ffdac886000 	C:\Windows\System32\win32u.dll
0x00007ffdab280000 - 0x00007ffdab513000 	C:\Windows\WinSxS\amd64_microsoft.windows.common-controls_6595b64144ccf1df_6.0.22621.3672_none_2713b9d173822955\COMCTL32.dll
0x00007ffdadc70000 - 0x00007ffdadd17000 	C:\Windows\System32\msvcrt.dll
0x00007ffdad2c0000 - 0x00007ffdad2e9000 	C:\Windows\System32\GDI32.dll
0x00007ffdac130000 - 0x00007ffdac249000 	C:\Windows\System32\gdi32full.dll
0x00007ffdabf40000 - 0x00007ffdabfda000 	C:\Windows\System32\msvcp_win.dll
0x00007ffdaca00000 - 0x00007ffdaca31000 	C:\Windows\System32\IMM32.DLL
0x00007ffdab7b0000 - 0x00007ffdab7bc000 	C:\Program Files\Microsoft\jdk-17.0.10.7-hotspot\bin\vcruntime140_1.dll
0x00007ffda8600000 - 0x00007ffda868d000 	C:\Program Files\Microsoft\jdk-17.0.10.7-hotspot\bin\msvcp140.dll
0x00007ffd68010000 - 0x00007ffd68c75000 	C:\Program Files\Microsoft\jdk-17.0.10.7-hotspot\bin\server\jvm.dll
0x00007ffdaeac0000 - 0x00007ffdaeb72000 	C:\Windows\System32\ADVAPI32.dll
0x00007ffdadd70000 - 0x00007ffdade19000 	C:\Windows\System32\sechost.dll
0x00007ffdabfe0000 - 0x00007ffdac008000 	C:\Windows\System32\bcrypt.dll
0x00007ffdae300000 - 0x00007ffdae414000 	C:\Windows\System32\RPCRT4.dll
0x00007ffda30c0000 - 0x00007ffda30f4000 	C:\Windows\SYSTEM32\WINMM.dll
0x00007ffda80a0000 - 0x00007ffda80a9000 	C:\Windows\SYSTEM32\WSOCK32.dll
0x00007ffdab850000 - 0x00007ffdab89d000 	C:\Windows\SYSTEM32\POWRPROF.dll
0x00007ffda2e50000 - 0x00007ffda2e5a000 	C:\Windows\SYSTEM32\VERSION.dll
0x00007ffdadb60000 - 0x00007ffdadbd1000 	C:\Windows\System32\WS2_32.dll
0x00007ffdab560000 - 0x00007ffdab573000 	C:\Windows\SYSTEM32\UMPDC.dll
0x00007ffdaa770000 - 0x00007ffdaa788000 	C:\Windows\SYSTEM32\kernel.appcore.dll
0x00007ffda88b0000 - 0x00007ffda88ba000 	C:\Program Files\Microsoft\jdk-17.0.10.7-hotspot\bin\jimage.dll
0x00007ffdab8a0000 - 0x00007ffdabad2000 	C:\Windows\SYSTEM32\DBGHELP.DLL
0x00007ffdace30000 - 0x00007ffdad1be000 	C:\Windows\System32\combase.dll
0x00007ffdaca40000 - 0x00007ffdacb17000 	C:\Windows\System32\OLEAUT32.dll
0x00007ffdab720000 - 0x00007ffdab752000 	C:\Windows\SYSTEM32\dbgcore.DLL
0x00007ffdac3c0000 - 0x00007ffdac43b000 	C:\Windows\System32\bcryptPrimitives.dll
0x00007ffda87c0000 - 0x00007ffda87e5000 	C:\Program Files\Microsoft\jdk-17.0.10.7-hotspot\bin\java.dll
0x00007ffd81740000 - 0x00007ffd81817000 	C:\Program Files\Microsoft\jdk-17.0.10.7-hotspot\bin\jsvml.dll
0x00007ffdad2f0000 - 0x00007ffdadb57000 	C:\Windows\System32\SHELL32.dll
0x00007ffda9460000 - 0x00007ffda9d5f000 	C:\Windows\SYSTEM32\windows.storage.dll
0x00007ffda9320000 - 0x00007ffda945f000 	C:\Windows\SYSTEM32\wintypes.dll
0x00007ffdacc80000 - 0x00007ffdacd79000 	C:\Windows\System32\SHCORE.dll
0x00007ffdadbf0000 - 0x00007ffdadc4e000 	C:\Windows\System32\shlwapi.dll
0x00007ffdabe70000 - 0x00007ffdabe97000 	C:\Windows\SYSTEM32\profapi.dll
0x00007ffda85e0000 - 0x00007ffda85f9000 	C:\Program Files\Microsoft\jdk-17.0.10.7-hotspot\bin\net.dll
0x00007ffda5580000 - 0x00007ffda56b6000 	C:\Windows\SYSTEM32\WINHTTP.dll
0x00007ffdaad50000 - 0x00007ffdaadb9000 	C:\Windows\system32\mswsock.dll
0x00007ffda85c0000 - 0x00007ffda85d6000 	C:\Program Files\Microsoft\jdk-17.0.10.7-hotspot\bin\nio.dll
0x00007ffda85a0000 - 0x00007ffda85b8000 	C:\Program Files\Microsoft\jdk-17.0.10.7-hotspot\bin\zip.dll
0x00007ffda8370000 - 0x00007ffda8379000 	C:\Program Files\Microsoft\jdk-17.0.10.7-hotspot\bin\management.dll
0x00007ffda8360000 - 0x00007ffda836b000 	C:\Program Files\Microsoft\jdk-17.0.10.7-hotspot\bin\management_ext.dll
0x00007ffdae430000 - 0x00007ffdae438000 	C:\Windows\System32\PSAPI.DLL
0x00007ffd55db0000 - 0x00007ffd55dc7000 	C:\Windows\system32\napinsp.dll
0x00007ffd55d90000 - 0x00007ffd55dab000 	C:\Windows\system32\pnrpnsp.dll
0x00007ffdaa260000 - 0x00007ffdaa358000 	C:\Windows\SYSTEM32\DNSAPI.dll
0x00007ffdaa1f0000 - 0x00007ffdaa21d000 	C:\Windows\SYSTEM32\IPHLPAPI.DLL
0x00007ffdadbe0000 - 0x00007ffdadbe9000 	C:\Windows\System32\NSI.dll
0x00007ffd55d70000 - 0x00007ffd55d81000 	C:\Windows\System32\winrnr.dll
0x00007ffda22d0000 - 0x00007ffda22e5000 	C:\Windows\system32\wshbth.dll
0x00007ffd55dd0000 - 0x00007ffd55df7000 	C:\Windows\system32\nlansp_c.dll
0x00007ffda0e10000 - 0x00007ffda0e1a000 	C:\Windows\System32\rasadhlp.dll
0x00007ffda59e0000 - 0x00007ffda5a63000 	C:\Windows\System32\fwpuclnt.dll
0x00007ffdabbe0000 - 0x00007ffdabbfb000 	C:\Windows\SYSTEM32\CRYPTSP.dll
0x00007ffdaa730000 - 0x00007ffdaa765000 	C:\Windows\system32\rsaenh.dll
0x00007ffdaafd0000 - 0x00007ffdaaff8000 	C:\Windows\SYSTEM32\USERENV.dll
0x00007ffdab000000 - 0x00007ffdab00c000 	C:\Windows\SYSTEM32\CRYPTBASE.dll
0x00007ffda73a0000 - 0x00007ffda73b9000 	C:\Windows\SYSTEM32\dhcpcsvc6.DLL
0x00007ffda7380000 - 0x00007ffda739f000 	C:\Windows\SYSTEM32\dhcpcsvc.DLL
0x00007ffda8350000 - 0x00007ffda8359000 	C:\Program Files\Microsoft\jdk-17.0.10.7-hotspot\bin\extnet.dll
0x00007ffda8340000 - 0x00007ffda834e000 	C:\Program Files\Microsoft\jdk-17.0.10.7-hotspot\bin\sunmscapi.dll
0x00007ffdac250000 - 0x00007ffdac3b7000 	C:\Windows\System32\CRYPT32.dll
0x00007ffdab160000 - 0x00007ffdab18e000 	C:\Windows\SYSTEM32\ncrypt.dll
0x00007ffdab120000 - 0x00007ffdab157000 	C:\Windows\SYSTEM32\NTASN1.dll
0x00007ffda8330000 - 0x00007ffda8340000 	C:\Program Files\Microsoft\jdk-17.0.10.7-hotspot\bin\verify.dll
0x00007ffda8320000 - 0x00007ffda8328000 	C:\Windows\system32\wshunix.dll

dbghelp: loaded successfully - version: 4.0.5 - missing functions: none
symbol engine: initialized successfully - sym options: 0x614 - pdb path: .;C:\Program Files\Microsoft\jdk-17.0.10.7-hotspot\bin;C:\Windows\SYSTEM32;C:\Windows\WinSxS\amd64_microsoft.windows.common-controls_6595b64144ccf1df_6.0.22621.3672_none_2713b9d173822955;C:\Program Files\Microsoft\jdk-17.0.10.7-hotspot\bin\server

VM Arguments:
jvm_args: -Dcom.sun.management.jmxremote -Dcom.sun.management.jmxremote.port=51428 -Dcom.sun.management.jmxremote.authenticate=false -Dcom.sun.management.jmxremote.ssl=false -Dspring.jmx.enabled=true -Djava.rmi.server.hostname=localhost -Dspring.application.admin.enabled=true -Dspring.boot.project.name=pb_tp1 -XX:+ShowCodeDetailsInExceptionMessages -Dmanagement.endpoints.jmx.exposure.include=* 
java_command: com.carlos.adriano.infnet.pb_tp1.PbTp1Application
java_class_path (initial): G:\EDS-INFNET\Trabalho\9 - ANDAMENTO - Engenharia de Softwares Escalveis\Disciplina 5 - Projeto de Bloco Engenharia de Softwares Escalveis\PROJETOS\TP1\pb_tp1\target\classes;C:\Users\casdo\.m2\repository\org\springframework\boot\spring-boot-starter-actuator\3.3.3\spring-boot-starter-actuator-3.3.3.jar;C:\Users\casdo\.m2\repository\org\springframework\boot\spring-boot-actuator-autoconfigure\3.3.3\spring-boot-actuator-autoconfigure-3.3.3.jar;C:\Users\casdo\.m2\repository\org\springframework\boot\spring-boot-actuator\3.3.3\spring-boot-actuator-3.3.3.jar;C:\Users\casdo\.m2\repository\com\fasterxml\jackson\core\jackson-databind\2.17.2\jackson-databind-2.17.2.jar;C:\Users\casdo\.m2\repository\com\fasterxml\jackson\core\jackson-annotations\2.17.2\jackson-annotations-2.17.2.jar;C:\Users\casdo\.m2\repository\com\fasterxml\jackson\core\jackson-core\2.17.2\jackson-core-2.17.2.jar;C:\Users\casdo\.m2\repository\com\fasterxml\jackson\datatype\jackson-datatype-jsr310\2.17.2\jackson-datatype-jsr310-2.17.2.jar;C:\Users\casdo\.m2\repository\io\micrometer\micrometer-observation\1.13.3\micrometer-observation-1.13.3.jar;C:\Users\casdo\.m2\repository\io\micrometer\micrometer-commons\1.13.3\micrometer-commons-1.13.3.jar;C:\Users\casdo\.m2\repository\io\micrometer\micrometer-jakarta9\1.13.3\micrometer-jakarta9-1.13.3.jar;C:\Users\casdo\.m2\repository\io\micrometer\micrometer-core\1.13.3\micrometer-core-1.13.3.jar;C:\Users\casdo\.m2\repository\org\hdrhistogram\HdrHistogram\2.2.2\HdrHistogram-2.2.2.jar;C:\Users\casdo\.m2\repository\org\latencyutils\LatencyUtils\2.0.3\LatencyUtils-2.0.3.jar;C:\Users\casdo\.m2\repository\org\springframework\boot\spring-boot-starter\3.3.3\spring-boot-starter-3.3.3.jar;C:\Users\casdo\.m2\repository\org\springframework\boot\spring-boot\3.3.3\spring-boot-3.3.3.jar;C:\Users\casdo\.m2\repository\org\springframework\spring-context\6.1.12\spring-context-6.1.12.jar;C:\Users\casdo\.m2\repository\org\springframework\boot\spring-boot-autocon
Launcher Type: SUN_STANDARD

[Global flags]
     intx CICompilerCount                          = 4                                         {product} {ergonomic}
     uint ConcGCThreads                            = 2                                         {product} {ergonomic}
     uint G1ConcRefinementThreads                  = 8                                         {product} {ergonomic}
   size_t G1HeapRegionSize                         = 2097152                                   {product} {ergonomic}
    uintx GCDrainStackTargetSize                   = 64                                        {product} {ergonomic}
   size_t InitialHeapSize                          = 268435456                                 {product} {ergonomic}
     bool ManagementServer                         = true                                      {product} {command line}
   size_t MarkStackSize                            = 4194304                                   {product} {ergonomic}
   size_t MaxHeapSize                              = 4269801472                                {product} {ergonomic}
   size_t MaxNewSize                               = 2560622592                                {product} {ergonomic}
   size_t MinHeapDeltaBytes                        = 2097152                                   {product} {ergonomic}
   size_t MinHeapSize                              = 8388608                                   {product} {ergonomic}
    uintx NonNMethodCodeHeapSize                   = 5839372                                {pd product} {ergonomic}
    uintx NonProfiledCodeHeapSize                  = 122909434                              {pd product} {ergonomic}
    uintx ProfiledCodeHeapSize                     = 122909434                              {pd product} {ergonomic}
    uintx ReservedCodeCacheSize                    = 251658240                              {pd product} {ergonomic}
     bool SegmentedCodeCache                       = true                                      {product} {ergonomic}
     bool ShowCodeDetailsInExceptionMessages       = true                                   {manageable} {command line}
   size_t SoftMaxHeapSize                          = 4269801472                             {manageable} {ergonomic}
     bool UseCompressedClassPointers               = true                           {product lp64_product} {ergonomic}
     bool UseCompressedOops                        = true                           {product lp64_product} {ergonomic}
     bool UseG1GC                                  = true                                      {product} {ergonomic}
     bool UseLargePagesIndividualAllocation        = false                                  {pd product} {ergonomic}

Logging:
Log output configuration:
 #0: stdout all=warning uptime,level,tags
 #1: stderr all=off uptime,level,tags

Environment Variables:
JAVA_HOME=C:\Program Files (x86)\Java\jre1.8.0_421
PATH=C:\Program Files (x86)\Common Files\Oracle\Java\java8path;C:\Program Files (x86)\Common Files\Oracle\Java\javapath;C:\Program Files\Microsoft\jdk-17.0.10.7-hotspot\bin;C:\Python311\Scripts\;C:\Python311\;C:\Windows\system32;C:\Windows;C:\Windows\System32\Wbem;C:\Windows\System32\WindowsPowerShell\v1.0\;C:\Windows\System32\OpenSSH\;C:\ProgramData\chocolatey\bin;C:\ProgramData\ComposerSetup\bin;C:\Program Files\dotnet\;C:\Program Files\Microsoft SQL Server\150\Tools\Binn\;C:\Users\casdo\AppData\Local\Yarn\config\global\node_modules\.bin;C:\Users\casdo\AppData\Roaming\Composer\vendor\bin;C:\Users\casdo\AppData\Roaming\npm;D:\laragon\bin;D:\laragon\bin\apache\httpd-2.4.54-win64-VS16\bin;D:\laragon\bin\composer;D:\laragon\bin\git\bin;D:\laragon\bin\git\cmd;D:\laragon\bin\git\mingw64\bin;D:\laragon\bin\git\usr\bin;D:\laragon\bin\laragon\utils;D:\laragon\bin\mysql\mysql-8.0.30-winx64\bin;D:\laragon\bin\nginx\nginx-1.22.0;D:\laragon\bin\ngrok;D:\laragon\bin\note;D:\laragon\bin\nodejs;C:\Program Files\PuTTY\;C:\Program Files (x86)\Java\jre1.8.0_421\bin;C:\ffmpeg\bin;C:\Program Files\Git\cmd;C:\Program Files\Docker\Docker\resources\bin;C:\Program Files\Git\bin;D:\laragon\bin\nodejs\node-v20.11.0-win-x86;D:\laragon\bin\notepad++;D:\laragon\bin\php\php-8.0.29-nts-Win32-vs16-x64;D:\laragon\bin\python\python-3.10;D:\laragon\bin\python\python-3.10\Scripts;D:\laragon\bin\redis\redis-x64-5.0.14.1;D:\laragon\bin\telnet;D:\laragon\usr\bin;C:\Users\casdo\scoop\shims;C:\Users\casdo\AppData\Local\Microsoft\WindowsApps;C:\Users\casdo\AppData\Local\Programs\Microsoft VS Code\bin;F:\tv\webOS_TV_SDK\CLI\bin
USERNAME=casdo
LANG=en_US.UTF-8
OS=Windows_NT
PROCESSOR_IDENTIFIER=Intel64 Family 6 Model 142 Stepping 10, GenuineIntel
TMP=C:\Users\casdo\AppData\Local\Temp
TEMP=C:\Users\casdo\AppData\Local\Temp



Periodic native trim disabled


---------------  S Y S T E M  ---------------

OS:
 Windows 11 , 64 bit Build 22621 (10.0.22621.3958)
OS uptime: 2 days 2:26 hours
Hyper-V role detected

CPU: total 8 (initial active 8) (4 cores per cpu, 2 threads per core) family 6 model 142 stepping 10 microcode 0xf0, cx8, cmov, fxsr, ht, mmx, 3dnowpref, sse, sse2, sse3, ssse3, sse4.1, sse4.2, popcnt, lzcnt, tsc, tscinvbit, avx, avx2, aes, erms, clmul, bmi1, bmi2, adx, fma, vzeroupper, clflush, clflushopt, hv
Processor Information for all 8 processors :
  Max Mhz: 1992, Current Mhz: 1792, Mhz Limit: 1792

Memory: 4k page, system-wide physical 16280M (3822M free)
TotalPageFile size 18328M (AvailPageFile size 5M)
current process WorkingSet (physical memory assigned to process): 330M, peak: 338M
current process commit charge ("private bytes"): 368M, peak: 402M

vm_info: OpenJDK 64-Bit Server VM (17.0.10+7-LTS) for windows-amd64 JRE (17.0.10+7-LTS), built on Jan 10 2024 19:47:12 by "MicrosoftCorporation" with MS VC++ 16.10 / 16.11 (VS2019)

END.
